


ARM Macro Assembler    Page 1 


    1 00000000         ;RCCÂØÑÂ≠òÂô®Âú∞ÂùÄÊò†ÂÉè             
    2 00000000 40021000 
                       RCC_BASE
                               EQU              0x40021000
    3 00000000 40021000 
                       RCC_CR  EQU              (RCC_BASE + 0x00)
    4 00000000 40021004 
                       RCC_CFGR
                               EQU              (RCC_BASE + 0x04)
    5 00000000 40021018 
                       RCC_APB2ENR
                               EQU              (RCC_BASE + 0x18)
    6 00000000         
    7 00000000         ;GPIOAÂØÑÂ≠òÂô®Âú∞ÂùÄÊò†ÂÉè              
    8 00000000 40010800 
                       GPIOA_BASE
                               EQU              0x40010800
    9 00000000 40010804 
                       GPIOA_CRH
                               EQU              (GPIOA_BASE + 0x04)
   10 00000000         
   11 00000000         ;GPIO CÂè£ÊéßÂà∂                   
   12 00000000 40011000 
                       GPIOC_BASE
                               EQU              0x40011000
   13 00000000 40011000 
                       GPIOC_CRL
                               EQU              (GPIOC_BASE + 0x00)
   14 00000000 40011010 
                       GPIOC_BSRR
                               EQU              (GPIOC_BASE + 0x10)
   15 00000000 40011014 
                       GPIOC_BRR
                               EQU              (GPIOC_BASE + 0x14)
   16 00000000         
   17 00000000         ;‰∏≤Âè£1ÊéßÂà∂                       
   18 00000000 40013800 
                       USART1_BASE
                               EQU              0x40013800
   19 00000000 40013800 
                       USART1_SR
                               EQU              (USART1_BASE + 0x00)
   20 00000000 40013804 
                       USART1_DR
                               EQU              (USART1_BASE + 0x04)
   21 00000000 40013808 
                       USART1_BRR
                               EQU              (USART1_BASE + 0x08)
   22 00000000 4001380C 
                       USART1_CR1
                               EQU              (USART1_BASE + 0x0c)
   23 00000000         
   24 00000000         ;NVICÂØÑÂ≠òÂô®Âú∞ÂùÄ                
   25 00000000 E000E000 
                       NVIC_BASE
                               EQU              0xE000E000
   26 00000000         ;Â∫îÁî®Á®ãÂ∫è‰∏≠Êñ≠ÂèäÂ§ç‰ΩçÊéßÂà∂ÂØÑÂ≠òÂô®ÁöÑÂú∞ÂùÄ    
                                                                   
   27 00000000 E000E100 



ARM Macro Assembler    Page 2 


                       SETENA0 EQU              0xE000E100
   28 00000000 E000E104 
                       SETENA1 EQU              0xE000E104
   29 00000000         
   30 00000000         
   31 00000000         ;SysTickÂØÑÂ≠òÂô®Âú∞ÂùÄ            
   32 00000000 E000E010 
                       SysTick_BASE
                               EQU              0xE000E010
   33 00000000 E000E010 
                       SYSTICKCSR
                               EQU              (SysTick_BASE + 0x00)
   34 00000000 E000E014 
                       SYSTICKRVR
                               EQU              (SysTick_BASE + 0x04)
   35 00000000         
   36 00000000         ;FLASHÁºìÂÜ≤ÂØÑÂ≠òÂô®Âú∞ÂùÄÊò†ÂÉè     
   37 00000000 40022000 
                       FLASH_ACR
                               EQU              0x40022000
   38 00000000         
   39 00000000 20005000 
                       MSP_TOP EQU              0x20005000
   40 00000000         ;‰∏ªÂ†ÜÊ†àËµ∑ÂßãÂÄº                
   41 00000000 20004E00 
                       PSP_TOP EQU              0x20004E00
   42 00000000         ;ËøõÁ®ãÂ†ÜÊ†àËµ∑ÂßãÂÄº             
   43 00000000         
   44 00000000 22000000 
                       BitAlias_BASE
                               EQU              0x22000000
   45 00000000         ;‰ΩçÂ∏¶Âà´ÂêçÂå∫Ëµ∑ÂßãÂú∞ÂùÄ         
   46 00000000 20000200 
                       Flag1   EQU              0x20000200
   47 00000000 22004000 
                       b_flas  EQU              (BitAlias_BASE + (0x200*32) + (
0*4))
   48 00000000         ;‰ΩçÂú∞ÂùÄ 
   49 00000000 22004004 
                       b_05s   EQU              (BitAlias_BASE + (0x200*32) + (
1*4))
   50 00000000         ;‰ΩçÂú∞ÂùÄ 
   51 00000000 20000204 
                       DlyI    EQU              0x20000204
   52 00000000 20000208 
                       DlyJ    EQU              0x20000208
   53 00000000 2000020C 
                       DlyK    EQU              0x2000020C
   54 00000000 20000210 
                       SysTim  EQU              0x20000210
   55 00000000         
   56 00000000         
   57 00000000         ;Â∏∏Êï∞ÂÆö‰πâ 
   58 00000000 00000001 
                       Bit0    EQU              0x00000001
   59 00000000 00000002 
                       Bit1    EQU              0x00000002
   60 00000000 00000004 
                       Bit2    EQU              0x00000004



ARM Macro Assembler    Page 3 


   61 00000000 00000008 
                       Bit3    EQU              0x00000008
   62 00000000 00000010 
                       Bit4    EQU              0x00000010
   63 00000000 00000020 
                       Bit5    EQU              0x00000020
   64 00000000 00000040 
                       Bit6    EQU              0x00000040
   65 00000000 00000080 
                       Bit7    EQU              0x00000080
   66 00000000 00000100 
                       Bit8    EQU              0x00000100
   67 00000000 00000200 
                       Bit9    EQU              0x00000200
   68 00000000 00000400 
                       Bit10   EQU              0x00000400
   69 00000000 00000800 
                       Bit11   EQU              0x00000800
   70 00000000 00001000 
                       Bit12   EQU              0x00001000
   71 00000000 00002000 
                       Bit13   EQU              0x00002000
   72 00000000 00004000 
                       Bit14   EQU              0x00004000
   73 00000000 00008000 
                       Bit15   EQU              0x00008000
   74 00000000 00010000 
                       Bit16   EQU              0x00010000
   75 00000000 00020000 
                       Bit17   EQU              0x00020000
   76 00000000 00040000 
                       Bit18   EQU              0x00040000
   77 00000000 00080000 
                       Bit19   EQU              0x00080000
   78 00000000 00100000 
                       Bit20   EQU              0x00100000
   79 00000000 00200000 
                       Bit21   EQU              0x00200000
   80 00000000 00400000 
                       Bit22   EQU              0x00400000
   81 00000000 00800000 
                       Bit23   EQU              0x00800000
   82 00000000 01000000 
                       Bit24   EQU              0x01000000
   83 00000000 02000000 
                       Bit25   EQU              0x02000000
   84 00000000 04000000 
                       Bit26   EQU              0x04000000
   85 00000000 08000000 
                       Bit27   EQU              0x08000000
   86 00000000 10000000 
                       Bit28   EQU              0x10000000
   87 00000000 20000000 
                       Bit29   EQU              0x20000000
   88 00000000 40000000 
                       Bit30   EQU              0x40000000
   89 00000000 80000000 
                       Bit31   EQU              0x80000000
   90 00000000         



ARM Macro Assembler    Page 4 


   91 00000000         
   92 00000000         ;ÂêëÈáèË°® 
   93 00000000                 AREA             RESET, DATA, READONLY
   94 00000000 20005000        DCD              MSP_TOP     ;ÂàùÂßãÂåñ‰∏ªÂ†ÜÊ†à
                                                             
   95 00000004 00000000        DCD              Start       ;Â§ç‰ΩçÂêëÈáè 
   96 00000008 00000000        DCD              NMI_Handler ;NMI Handler 
   97 0000000C 00000000        DCD              HardFault_Handler ;Hard Fault H
                                                            andler 
   98 00000010 00000000        DCD              SysTick_Handler 
                                                            ;SysTick Handler 
   99 00000014 00 00 00 
              00 00 00 
              00 00 00 
              00 00 00 
              00 00 00 
              00 00 00 
              00 00            SPACE            20          ;È¢ÑÁïôÁ©∫Èó¥20Â≠óË
                                                            äÇ 
  100 00000028         
  101 00000028         ;‰ª£Á†ÅÊÆµ 
  102 00000028                 AREA             MAIN, CODE, READONLY
  103 00000000                 ENTRY
  104 00000000         Start
  105 00000000         ;Êó∂ÈíüÁ≥ªÁªüËÆæÁΩÆ   
  106 00000000 4869            ldr              r0, =RCC_CR
  107 00000002 6801            ldr              r1, [r0]
  108 00000004 F441 3180       orr              r1, #Bit16
  109 00000008 6001            str              r1, [r0]
  110 0000000A         ;ÂºÄÂêØÂ§ñÈÉ®Êô∂ÊåØ‰ΩøËÉΩ  
  111 0000000A         ;ÂêØÂä®Â§ñÈÉ®8MÊô∂ÊåØ 
  112 0000000A         
  113 0000000A         ClkOk
  114 0000000A 6801            ldr              r1, [r0]
  115 0000000C F411 3100       ands             r1, #Bit17
  116 00000010 D0FB            beq              ClkOk
  117 00000012         ;Á≠âÂæÖÂ§ñÈÉ®Êô∂ÊåØÂ∞±Áª™ 
  118 00000012 6801            ldr              r1,[r0]
  119 00000014 F441 3100       orr              r1,#Bit17
  120 00000018 6001            str              r1,[r0]
  121 0000001A         ;FLASHÁºìÂÜ≤Âô® 
  122 0000001A 4864            ldr              r0, =FLASH_ACR
  123 0000001C F04F 0132       mov              r1, #0x00000032
  124 00000020 6001            str              r1, [r0]
  125 00000022         
  126 00000022         ;ËÆæÁΩÆPLLÈîÅÁõ∏ÁéØÂÄçÁéá‰∏∫7,HSEËæìÂÖ•‰∏çÂàÜÈ¢ë 
  127 00000022 4863            ldr              r0, =RCC_CFGR
  128 00000024 6801            ldr              r1, [r0]
  129 00000026 F441 11EA       orr              r1, #(Bit18 :OR: Bit19 :OR: Bit
20 :OR: Bit16 :OR: Bit14)
  130 0000002A F441 6180       orr              r1, #Bit10
  131 0000002E 6001            str              r1, [r0]
  132 00000030         ;ÂêØÂä®PLLÈîÅÁõ∏ÁéØ 
  133 00000030 485D            ldr              r0, =RCC_CR
  134 00000032 6801            ldr              r1, [r0]
  135 00000034 F041 7180       orr              r1, #Bit24
  136 00000038 6001            str              r1, [r0]
  137 0000003A         PllOk
  138 0000003A 6801            ldr              r1, [r0]



ARM Macro Assembler    Page 5 


  139 0000003C F011 7100       ands             r1, #Bit25
  140 00000040 D0FB            beq              PllOk
  141 00000042         ;ÈÄâÊã©PLLÊó∂Èíü‰Ωú‰∏∫Á≥ªÁªüÊó∂Èíü 
  142 00000042 485B            ldr              r0, =RCC_CFGR
  143 00000044 6801            ldr              r1, [r0]
  144 00000046 F441 11EA       orr              r1, #(Bit18 :OR: Bit19 :OR: Bit
20 :OR: Bit16 :OR: Bit14)
  145 0000004A F441 6180       orr              r1, #Bit10
  146 0000004E F041 0102       orr              r1, #Bit1
  147 00000052 6001            str              r1, [r0]
  148 00000054         ;ÂÖ∂ÂÆÉRCCÁõ∏ÂÖ≥ËÆæÁΩÆ 
  149 00000054 4857            ldr              r0, =RCC_APB2ENR
  150 00000056 F244 0114       mov              r1, #(Bit14 :OR: Bit4 :OR: Bit2
)
  151 0000005A 6001            str              r1, [r0]
  152 0000005C         
  153 0000005C         
  154 0000005C         ;IOÁ´ØÂè£ËÆæÁΩÆ 
  155 0000005C 4856            ldr              r0, =GPIOC_CRL
  156 0000005E 6801            ldr              r1, [r0]
  157 00000060 F041 5140       orr              r1, #(Bit28 :OR: Bit29)
  158 00000064         ;PC.7ËæìÂá∫Ê®°Âºè,ÊúÄÂ§ßÈÄüÂ∫¶50MHz  
  159 00000064 F021 4140       and              r1, #(~Bit30 & ~Bit31)
  160 00000068         ;PC.7ÈÄöÁî®Êé®ÊåΩËæìÂá∫Ê®°Âºè 
  161 00000068 6001            str              r1, [r0]
  162 0000006A         
  163 0000006A         ;PA9‰∏≤Âè£0ÂèëÂ∞ÑËÑö 
  164 0000006A 4854            ldr              r0, =GPIOA_CRH
  165 0000006C 6801            ldr              r1, [r0]
  166 0000006E F041 0130       orr              r1, #(Bit4 :OR: Bit5)
  167 00000072         ;PA.9ËæìÂá∫Ê®°Âºè,ÊúÄÂ§ßÈÄüÂ∫¶50MHz  
  168 00000072 F041 0180       orr              r1, #Bit7
  169 00000076 F021 0140       and              r1, #~Bit6
  170 0000007A         ;10ÔºöÂ§çÁî®ÂäüËÉΩÊé®ÊåΩËæìÂá∫Ê®°Âºè 
  171 0000007A 6001            str              r1, [r0]
  172 0000007C         
  173 0000007C         
  174 0000007C 4850            ldr              r0, =USART1_BRR
  175 0000007E F240 2171       mov              r1, #0x271
  176 00000082 6001            str              r1, [r0]
  177 00000084         ;ÈÖçÁΩÆÊ≥¢ÁâπÁéá-> 115200 
  178 00000084         
  179 00000084 484F            ldr              r0, =USART1_CR1
  180 00000086 F242 010C       mov              r1, #0x200c
  181 0000008A 6001            str              r1, [r0]
  182 0000008C         ;USARTÊ®°ÂùóÊÄª‰ΩøËÉΩ ÂèëÈÄÅ‰∏éÊé•Êî∂‰ΩøËÉΩ 
  183 0000008C         ;71 02 00 00   2c 20 00 00 
  184 0000008C         
  185 0000008C         ;AFIO ÂèÇÊï∞ËÆæÁΩÆ             
  186 0000008C         ;Systick ÂèÇÊï∞ËÆæÁΩÆ 
  187 0000008C 484E            ldr              r0, =SYSTICKRVR
  188 0000008E         ;SystickË£ÖÂàùÂÄº 
  189 0000008E F242 3128       mov              r1, #9000
  190 00000092 6001            str              r1, [r0]
  191 00000094 484D            ldr              r0, =SYSTICKCSR
  192 00000096         ;ËÆæÂÆö,ÂêØÂä®Systick 
  193 00000096 F04F 0103       mov              r1, #0x03
  194 0000009A 6001            str              r1, [r0]
  195 0000009C         



ARM Macro Assembler    Page 6 


  196 0000009C         ;NVIC                     
  197 0000009C         ;ldr   r0, =SETENA0 
  198 0000009C         ;mov   r1, 0x00800000 
  199 0000009C         ;str   r1, [r0] 
  200 0000009C         ;ldr   r0, =SETENA1 
  201 0000009C         ;mov   r1, #0x00000100 
  202 0000009C         ;str   r1, [r0] 
  203 0000009C         
  204 0000009C         ;ÂàáÊç¢ÊàêÁî®Êà∑Á∫ßÁ∫øÁ®ãÂ∫èÊ®°Âºè 
  205 0000009C 484C            ldr              r0, =PSP_TOP
  206 0000009E         ;ÂàùÂßãÂåñÁ∫øÁ®ãÂ†ÜÊ†à 
  207 0000009E F380 8809       msr              psp, r0
  208 000000A2 F04F 0003       mov              r0, #3
  209 000000A6 F380 8814       msr              control, r0
  210 000000AA         
  211 000000AA         ;ÂàùÂßãÂåñSRAMÂØÑÂ≠òÂô® 
  212 000000AA F04F 0100       mov              r1, #0
  213 000000AE 4849            ldr              r0, =Flag1
  214 000000B0 6001            str              r1, [r0]
  215 000000B2 4849            ldr              r0, =DlyI
  216 000000B4 6001            str              r1, [r0]
  217 000000B6 4849            ldr              r0, =DlyJ
  218 000000B8 6001            str              r1, [r0]
  219 000000BA 4849            ldr              r0, =DlyK
  220 000000BC 6001            str              r1, [r0]
  221 000000BE 4849            ldr              r0, =SysTim
  222 000000C0 6001            str              r1, [r0]
  223 000000C2         
  224 000000C2         ;‰∏ªÂæ™ÁéØ            
  225 000000C2         main
  226 000000C2 4844            ldr              r0, =Flag1
  227 000000C4 6801            ldr              r1, [r0]
  228 000000C6 F011 0F02       tst              r1, #Bit1
  229 000000CA         ;SysTick‰∫ßÁîü0.5s,ÁΩÆ‰Ωçbit 1 
  230 000000CA D0FA            beq              main        ;0.5sÊ†áÂøóËøòÊ≤°Êú
                                                            âÁΩÆ‰Ωç       
  231 000000CC         
  232 000000CC         ;0.5sÊ†áÂøóÂ∑≤ÁªèÁΩÆ‰Ωç 
  233 000000CC 4846            ldr              r0, =b_05s
  234 000000CE         ;‰ΩçÂ∏¶Êìç‰ΩúÊ∏ÖÈõ∂0.5sÊ†áÂøó 
  235 000000CE F04F 0100       mov              r1, #0
  236 000000D2 6001            str              r1, [r0]
  237 000000D4 F000 F83B       bl               LedFlas
  238 000000D8         
  239 000000D8         
  240 000000D8 F04F 0048       mov              r0, #'H'
  241 000000DC F000 F82D       bl               send_a_char
  242 000000E0         
  243 000000E0 F04F 0065       mov              r0, #'e'
  244 000000E4 F000 F829       bl               send_a_char
  245 000000E8         
  246 000000E8 F04F 006C       mov              r0, #'l'
  247 000000EC F000 F825       bl               send_a_char
  248 000000F0         
  249 000000F0 F04F 006C       mov              r0, #'l'
  250 000000F4 F000 F821       bl               send_a_char
  251 000000F8         
  252 000000F8 F04F 006F       mov              r0, #'o'
  253 000000FC F000 F81D       bl               send_a_char



ARM Macro Assembler    Page 7 


  254 00000100         
  255 00000100 F04F 0020       mov              r0, #' '
  256 00000104 F000 F819       bl               send_a_char
  257 00000108         
  258 00000108 F04F 0077       mov              r0, #'w'
  259 0000010C F000 F815       bl               send_a_char
  260 00000110         
  261 00000110 F04F 006F       mov              r0, #'o'
  262 00000114 F000 F811       bl               send_a_char
  263 00000118         
  264 00000118 F04F 0072       mov              r0, #'r'
  265 0000011C F000 F80D       bl               send_a_char
  266 00000120         
  267 00000120 F04F 006C       mov              r0, #'l'
  268 00000124 F000 F809       bl               send_a_char
  269 00000128         
  270 00000128 F04F 0064       mov              r0, #'d'
  271 0000012C F000 F805       bl               send_a_char
  272 00000130         
  273 00000130 F04F 000A       mov              r0, #'\n'
  274 00000134 F000 F801       bl               send_a_char
  275 00000138         
  276 00000138 E7C3            b                main
  277 0000013A         
  278 0000013A         
  279 0000013A         
  280 0000013A         ;Â≠êÁ®ãÂ∫è ‰∏≤Âè£1ÂèëÈÄÅ‰∏Ä‰∏™Â≠óÁ¨¶ 
  281 0000013A         send_a_char
  282 0000013A B40F            push             {r0 - r3}
  283 0000013C 4A2B            ldr              r2, =USART1_DR
  284 0000013E 6010            str              r0, [r2]
  285 00000140         b1
  286 00000140 4A2B            ldr              r2, =USART1_SR
  287 00000142 6812            ldr              r2, [r2]
  288 00000144 F012 0F40       tst              r2, #0x40
  289 00000148 D0FA            beq              b1
  290 0000014A         ;ÂèëÈÄÅÂÆåÊàê(Transmission complete)Á≠âÂæÖ 
  291 0000014A BC0F            pop              {r0 - r3}
  292 0000014C 4770            bx               lr
  293 0000014E         
  294 0000014E         ;Â≠êÁ®ãÂ∫è ledÈó™ÁÉÅ 
  295 0000014E         LedFlas
  296 0000014E B40F            push             {r0 - r3}
  297 00000150 4820            ldr              r0, =Flag1
  298 00000152 6801            ldr              r1, [r0]
  299 00000154 F011 0F01       tst              r1, #Bit0
  300 00000158         ;bit0 Èó™ÁÉÅÊ†áÂøó‰Ωç 
  301 00000158 D009            beq              ONLED       ;‰∏∫0 ÊâìÂºÄledÁÅØ 
                                                            
  302 0000015A         ;‰∏∫1 ÂÖ≥Èó≠ledÁÅØ 
  303 0000015A 4826            ldr              r0, =b_flas
  304 0000015C F04F 0100       mov              r1, #0
  305 00000160 6001            str              r1, [r0]
  306 00000162         ;Èó™ÁÉÅÊ†áÂøó‰ΩçÁΩÆ‰∏∫0,‰∏ã‰∏ÄÁä∂ÊÄÅ‰∏∫ÊâìÂºÄÁÅØ 
  307 00000162         ;PC.7ËæìÂá∫0 
  308 00000162 4825            ldr              r0, =GPIOC_BRR
  309 00000164 6801            ldr              r1, [r0]
  310 00000166 F041 0180       orr              r1, #Bit7
  311 0000016A 6001            str              r1, [r0]



ARM Macro Assembler    Page 8 


  312 0000016C E008            b                LedEx
  313 0000016E         ONLED
  314 0000016E         ;‰∏∫0 ÊâìÂºÄledÁÅØ 
  315 0000016E 4821            ldr              r0, =b_flas
  316 00000170 F04F 0101       mov              r1, #1
  317 00000174 6001            str              r1, [r0]
  318 00000176         ;Èó™ÁÉÅÊ†áÂøó‰ΩçÁΩÆ‰∏∫1,‰∏ã‰∏ÄÁä∂ÊÄÅ‰∏∫ÂÖ≥Èó≠ÁÅØ 
  319 00000176         ;PC.7ËæìÂá∫1 
  320 00000176 4821            ldr              r0, =GPIOC_BSRR
  321 00000178 6801            ldr              r1, [r0]
  322 0000017A F041 0180       orr              r1, #Bit7
  323 0000017E 6001            str              r1, [r0]
  324 00000180         LedEx
  325 00000180 BC0F            pop              {r0 - r3}
  326 00000182 4770            bx               lr
  327 00000184         
  328 00000184         ;ÂºÇÂ∏∏Á®ãÂ∫è 
  329 00000184         NMI_Handler
  330 00000184 4770            bx               lr
  331 00000186         
  332 00000186         
  333 00000186         HardFault_Handler
  334 00000186 4770            bx               lr
  335 00000188         
  336 00000188         SysTick_Handler
  337 00000188 4816            ldr              r0, =SysTim
  338 0000018A 6801            ldr              r1, [r0]
  339 0000018C F101 0101       add              r1, #1
  340 00000190 6001            str              r1, [r0]
  341 00000192 F5B1 7FFA       cmp              r1, #500
  342 00000196 D306            bcc              TickExit
  343 00000198 F04F 0100       mov              r1, #0
  344 0000019C 6001            str              r1, [r0]
  345 0000019E 4812            ldr              r0, =b_05s
  346 000001A0         ;Â§ß‰∫éÁ≠â‰∫é500Ê¨° Ê∏ÖÈõ∂Êó∂ÈíüÊª¥Á≠îËÆ°Êï∞Âô® ËÆæÁΩÆ0.
                       5sÊ†áÂøó‰Ωç 
  347 000001A0         ;‰ΩçÂ∏¶Êìç‰ΩúÁΩÆ1 
  348 000001A0 F04F 0101       mov              r1, #1
  349 000001A4 6001            str              r1, [r0]
  350 000001A6         TickExit
  351 000001A6 4770            bx               lr
  352 000001A8         
  353 000001A8                 ALIGN
  354 000001A8         ;ÈÄöËøáÁî®Èõ∂ÊàñÁ©∫Êåá‰ª§NOPÂ°´ÂÖÖ,Êù•‰ΩøÂΩìÂâç‰ΩçÁΩÆ‰∏é
                       ‰∏Ä‰∏™ÊåáÂÆöÁöÑËæπÁïåÂØπÈΩê 
  355 000001A8                 END
              40021000 
              40022000 
              40021004 
              40021018 
              40011000 
              40010804 
              40013808 
              4001380C 
              E000E014 
              E000E010 
              20004E00 
              20000200 
              20000204 



ARM Macro Assembler    Page 9 


              20000208 
              2000020C 
              20000210 
              22004004 
              40013804 
              40013800 
              22004000 
              40011014 
              40011010 
Command Line: --debug --xref --diag_suppress=9931 --cpu=Cortex-M3 --apcs=interw
ork --depend=.\objects\usart.d -o.\objects\usart.o -ID:\environment\Stm32\Kali_
v5_5.36\packs\Keil\STM32F1xx_DFP\2.4.0\Device\Include --predefine="__UVISION_VE
RSION SETA 536" --predefine="STM32F10X_MD SETA 1" --list=.\listings\usart.lst M
AIN\USART.s



ARM Macro Assembler    Page 1 Alphabetic symbol ordering
Relocatable symbols

RESET 00000000

Symbol: RESET
   Definitions
      At line 93 in file MAIN\USART.s
   Uses
      None
Comment: RESET unused
1 symbol



ARM Macro Assembler    Page 1 Alphabetic symbol ordering
Relocatable symbols

ClkOk 0000000A

Symbol: ClkOk
   Definitions
      At line 113 in file MAIN\USART.s
   Uses
      At line 116 in file MAIN\USART.s
Comment: ClkOk used once
HardFault_Handler 00000186

Symbol: HardFault_Handler
   Definitions
      At line 333 in file MAIN\USART.s
   Uses
      At line 97 in file MAIN\USART.s
Comment: HardFault_Handler used once
LedEx 00000180

Symbol: LedEx
   Definitions
      At line 324 in file MAIN\USART.s
   Uses
      At line 312 in file MAIN\USART.s
Comment: LedEx used once
LedFlas 0000014E

Symbol: LedFlas
   Definitions
      At line 295 in file MAIN\USART.s
   Uses
      At line 237 in file MAIN\USART.s
Comment: LedFlas used once
MAIN 00000000

Symbol: MAIN
   Definitions
      At line 102 in file MAIN\USART.s
   Uses
      None
Comment: MAIN unused
NMI_Handler 00000184

Symbol: NMI_Handler
   Definitions
      At line 329 in file MAIN\USART.s
   Uses
      At line 96 in file MAIN\USART.s
Comment: NMI_Handler used once
ONLED 0000016E

Symbol: ONLED
   Definitions
      At line 313 in file MAIN\USART.s
   Uses
      At line 301 in file MAIN\USART.s
Comment: ONLED used once
PllOk 0000003A

Symbol: PllOk



ARM Macro Assembler    Page 2 Alphabetic symbol ordering
Relocatable symbols

   Definitions
      At line 137 in file MAIN\USART.s
   Uses
      At line 140 in file MAIN\USART.s
Comment: PllOk used once
Start 00000000

Symbol: Start
   Definitions
      At line 104 in file MAIN\USART.s
   Uses
      At line 95 in file MAIN\USART.s
Comment: Start used once
SysTick_Handler 00000188

Symbol: SysTick_Handler
   Definitions
      At line 336 in file MAIN\USART.s
   Uses
      At line 98 in file MAIN\USART.s
Comment: SysTick_Handler used once
TickExit 000001A6

Symbol: TickExit
   Definitions
      At line 350 in file MAIN\USART.s
   Uses
      At line 342 in file MAIN\USART.s
Comment: TickExit used once
b1 00000140

Symbol: b1
   Definitions
      At line 285 in file MAIN\USART.s
   Uses
      At line 289 in file MAIN\USART.s
Comment: b1 used once
main 000000C2

Symbol: main
   Definitions
      At line 225 in file MAIN\USART.s
   Uses
      At line 230 in file MAIN\USART.s
      At line 276 in file MAIN\USART.s

send_a_char 0000013A

Symbol: send_a_char
   Definitions
      At line 281 in file MAIN\USART.s
   Uses
      At line 241 in file MAIN\USART.s
      At line 244 in file MAIN\USART.s
      At line 247 in file MAIN\USART.s
      At line 250 in file MAIN\USART.s
      At line 253 in file MAIN\USART.s
      At line 256 in file MAIN\USART.s
      At line 259 in file MAIN\USART.s



ARM Macro Assembler    Page 3 Alphabetic symbol ordering
Relocatable symbols

      At line 262 in file MAIN\USART.s
      At line 265 in file MAIN\USART.s
      At line 268 in file MAIN\USART.s
      At line 271 in file MAIN\USART.s
      At line 274 in file MAIN\USART.s

14 symbols



ARM Macro Assembler    Page 1 Alphabetic symbol ordering
Absolute symbols

Bit0 00000001

Symbol: Bit0
   Definitions
      At line 58 in file MAIN\USART.s
   Uses
      At line 299 in file MAIN\USART.s
Comment: Bit0 used once
Bit1 00000002

Symbol: Bit1
   Definitions
      At line 59 in file MAIN\USART.s
   Uses
      At line 146 in file MAIN\USART.s
      At line 228 in file MAIN\USART.s

Bit10 00000400

Symbol: Bit10
   Definitions
      At line 68 in file MAIN\USART.s
   Uses
      At line 130 in file MAIN\USART.s
      At line 145 in file MAIN\USART.s

Bit11 00000800

Symbol: Bit11
   Definitions
      At line 69 in file MAIN\USART.s
   Uses
      None
Comment: Bit11 unused
Bit12 00001000

Symbol: Bit12
   Definitions
      At line 70 in file MAIN\USART.s
   Uses
      None
Comment: Bit12 unused
Bit13 00002000

Symbol: Bit13
   Definitions
      At line 71 in file MAIN\USART.s
   Uses
      None
Comment: Bit13 unused
Bit14 00004000

Symbol: Bit14
   Definitions
      At line 72 in file MAIN\USART.s
   Uses
      At line 129 in file MAIN\USART.s
      At line 144 in file MAIN\USART.s
      At line 150 in file MAIN\USART.s



ARM Macro Assembler    Page 2 Alphabetic symbol ordering
Absolute symbols


Bit15 00008000

Symbol: Bit15
   Definitions
      At line 73 in file MAIN\USART.s
   Uses
      None
Comment: Bit15 unused
Bit16 00010000

Symbol: Bit16
   Definitions
      At line 74 in file MAIN\USART.s
   Uses
      At line 108 in file MAIN\USART.s
      At line 129 in file MAIN\USART.s
      At line 144 in file MAIN\USART.s

Bit17 00020000

Symbol: Bit17
   Definitions
      At line 75 in file MAIN\USART.s
   Uses
      At line 115 in file MAIN\USART.s
      At line 119 in file MAIN\USART.s

Bit18 00040000

Symbol: Bit18
   Definitions
      At line 76 in file MAIN\USART.s
   Uses
      At line 129 in file MAIN\USART.s
      At line 144 in file MAIN\USART.s

Bit19 00080000

Symbol: Bit19
   Definitions
      At line 77 in file MAIN\USART.s
   Uses
      At line 129 in file MAIN\USART.s
      At line 144 in file MAIN\USART.s

Bit2 00000004

Symbol: Bit2
   Definitions
      At line 60 in file MAIN\USART.s
   Uses
      At line 150 in file MAIN\USART.s
Comment: Bit2 used once
Bit20 00100000

Symbol: Bit20
   Definitions
      At line 78 in file MAIN\USART.s



ARM Macro Assembler    Page 3 Alphabetic symbol ordering
Absolute symbols

   Uses
      At line 129 in file MAIN\USART.s
      At line 144 in file MAIN\USART.s

Bit21 00200000

Symbol: Bit21
   Definitions
      At line 79 in file MAIN\USART.s
   Uses
      None
Comment: Bit21 unused
Bit22 00400000

Symbol: Bit22
   Definitions
      At line 80 in file MAIN\USART.s
   Uses
      None
Comment: Bit22 unused
Bit23 00800000

Symbol: Bit23
   Definitions
      At line 81 in file MAIN\USART.s
   Uses
      None
Comment: Bit23 unused
Bit24 01000000

Symbol: Bit24
   Definitions
      At line 82 in file MAIN\USART.s
   Uses
      At line 135 in file MAIN\USART.s
Comment: Bit24 used once
Bit25 02000000

Symbol: Bit25
   Definitions
      At line 83 in file MAIN\USART.s
   Uses
      At line 139 in file MAIN\USART.s
Comment: Bit25 used once
Bit26 04000000

Symbol: Bit26
   Definitions
      At line 84 in file MAIN\USART.s
   Uses
      None
Comment: Bit26 unused
Bit27 08000000

Symbol: Bit27
   Definitions
      At line 85 in file MAIN\USART.s
   Uses
      None



ARM Macro Assembler    Page 4 Alphabetic symbol ordering
Absolute symbols

Comment: Bit27 unused
Bit28 10000000

Symbol: Bit28
   Definitions
      At line 86 in file MAIN\USART.s
   Uses
      At line 157 in file MAIN\USART.s
Comment: Bit28 used once
Bit29 20000000

Symbol: Bit29
   Definitions
      At line 87 in file MAIN\USART.s
   Uses
      At line 157 in file MAIN\USART.s
Comment: Bit29 used once
Bit3 00000008

Symbol: Bit3
   Definitions
      At line 61 in file MAIN\USART.s
   Uses
      None
Comment: Bit3 unused
Bit30 40000000

Symbol: Bit30
   Definitions
      At line 88 in file MAIN\USART.s
   Uses
      At line 159 in file MAIN\USART.s
Comment: Bit30 used once
Bit31 80000000

Symbol: Bit31
   Definitions
      At line 89 in file MAIN\USART.s
   Uses
      At line 159 in file MAIN\USART.s
Comment: Bit31 used once
Bit4 00000010

Symbol: Bit4
   Definitions
      At line 62 in file MAIN\USART.s
   Uses
      At line 150 in file MAIN\USART.s
      At line 166 in file MAIN\USART.s

Bit5 00000020

Symbol: Bit5
   Definitions
      At line 63 in file MAIN\USART.s
   Uses
      At line 166 in file MAIN\USART.s
Comment: Bit5 used once
Bit6 00000040



ARM Macro Assembler    Page 5 Alphabetic symbol ordering
Absolute symbols


Symbol: Bit6
   Definitions
      At line 64 in file MAIN\USART.s
   Uses
      At line 169 in file MAIN\USART.s
Comment: Bit6 used once
Bit7 00000080

Symbol: Bit7
   Definitions
      At line 65 in file MAIN\USART.s
   Uses
      At line 168 in file MAIN\USART.s
      At line 310 in file MAIN\USART.s
      At line 322 in file MAIN\USART.s

Bit8 00000100

Symbol: Bit8
   Definitions
      At line 66 in file MAIN\USART.s
   Uses
      None
Comment: Bit8 unused
Bit9 00000200

Symbol: Bit9
   Definitions
      At line 67 in file MAIN\USART.s
   Uses
      None
Comment: Bit9 unused
BitAlias_BASE 22000000

Symbol: BitAlias_BASE
   Definitions
      At line 44 in file MAIN\USART.s
   Uses
      At line 47 in file MAIN\USART.s
      At line 49 in file MAIN\USART.s

DlyI 20000204

Symbol: DlyI
   Definitions
      At line 51 in file MAIN\USART.s
   Uses
      At line 215 in file MAIN\USART.s
Comment: DlyI used once
DlyJ 20000208

Symbol: DlyJ
   Definitions
      At line 52 in file MAIN\USART.s
   Uses
      At line 217 in file MAIN\USART.s
Comment: DlyJ used once
DlyK 2000020C



ARM Macro Assembler    Page 6 Alphabetic symbol ordering
Absolute symbols


Symbol: DlyK
   Definitions
      At line 53 in file MAIN\USART.s
   Uses
      At line 219 in file MAIN\USART.s
Comment: DlyK used once
FLASH_ACR 40022000

Symbol: FLASH_ACR
   Definitions
      At line 37 in file MAIN\USART.s
   Uses
      At line 122 in file MAIN\USART.s
Comment: FLASH_ACR used once
Flag1 20000200

Symbol: Flag1
   Definitions
      At line 46 in file MAIN\USART.s
   Uses
      At line 213 in file MAIN\USART.s
      At line 226 in file MAIN\USART.s
      At line 297 in file MAIN\USART.s

GPIOA_BASE 40010800

Symbol: GPIOA_BASE
   Definitions
      At line 8 in file MAIN\USART.s
   Uses
      At line 9 in file MAIN\USART.s
Comment: GPIOA_BASE used once
GPIOA_CRH 40010804

Symbol: GPIOA_CRH
   Definitions
      At line 9 in file MAIN\USART.s
   Uses
      At line 164 in file MAIN\USART.s
Comment: GPIOA_CRH used once
GPIOC_BASE 40011000

Symbol: GPIOC_BASE
   Definitions
      At line 12 in file MAIN\USART.s
   Uses
      At line 13 in file MAIN\USART.s
      At line 14 in file MAIN\USART.s
      At line 15 in file MAIN\USART.s

GPIOC_BRR 40011014

Symbol: GPIOC_BRR
   Definitions
      At line 15 in file MAIN\USART.s
   Uses
      At line 308 in file MAIN\USART.s
Comment: GPIOC_BRR used once



ARM Macro Assembler    Page 7 Alphabetic symbol ordering
Absolute symbols

GPIOC_BSRR 40011010

Symbol: GPIOC_BSRR
   Definitions
      At line 14 in file MAIN\USART.s
   Uses
      At line 320 in file MAIN\USART.s
Comment: GPIOC_BSRR used once
GPIOC_CRL 40011000

Symbol: GPIOC_CRL
   Definitions
      At line 13 in file MAIN\USART.s
   Uses
      At line 155 in file MAIN\USART.s
Comment: GPIOC_CRL used once
MSP_TOP 20005000

Symbol: MSP_TOP
   Definitions
      At line 39 in file MAIN\USART.s
   Uses
      At line 94 in file MAIN\USART.s
Comment: MSP_TOP used once
NVIC_BASE E000E000

Symbol: NVIC_BASE
   Definitions
      At line 25 in file MAIN\USART.s
   Uses
      None
Comment: NVIC_BASE unused
PSP_TOP 20004E00

Symbol: PSP_TOP
   Definitions
      At line 41 in file MAIN\USART.s
   Uses
      At line 205 in file MAIN\USART.s
Comment: PSP_TOP used once
RCC_APB2ENR 40021018

Symbol: RCC_APB2ENR
   Definitions
      At line 5 in file MAIN\USART.s
   Uses
      At line 149 in file MAIN\USART.s
Comment: RCC_APB2ENR used once
RCC_BASE 40021000

Symbol: RCC_BASE
   Definitions
      At line 2 in file MAIN\USART.s
   Uses
      At line 3 in file MAIN\USART.s
      At line 4 in file MAIN\USART.s
      At line 5 in file MAIN\USART.s

RCC_CFGR 40021004



ARM Macro Assembler    Page 8 Alphabetic symbol ordering
Absolute symbols


Symbol: RCC_CFGR
   Definitions
      At line 4 in file MAIN\USART.s
   Uses
      At line 127 in file MAIN\USART.s
      At line 142 in file MAIN\USART.s

RCC_CR 40021000

Symbol: RCC_CR
   Definitions
      At line 3 in file MAIN\USART.s
   Uses
      At line 106 in file MAIN\USART.s
      At line 133 in file MAIN\USART.s

SETENA0 E000E100

Symbol: SETENA0
   Definitions
      At line 27 in file MAIN\USART.s
   Uses
      None
Comment: SETENA0 unused
SETENA1 E000E104

Symbol: SETENA1
   Definitions
      At line 28 in file MAIN\USART.s
   Uses
      None
Comment: SETENA1 unused
SYSTICKCSR E000E010

Symbol: SYSTICKCSR
   Definitions
      At line 33 in file MAIN\USART.s
   Uses
      At line 191 in file MAIN\USART.s
Comment: SYSTICKCSR used once
SYSTICKRVR E000E014

Symbol: SYSTICKRVR
   Definitions
      At line 34 in file MAIN\USART.s
   Uses
      At line 187 in file MAIN\USART.s
Comment: SYSTICKRVR used once
SysTick_BASE E000E010

Symbol: SysTick_BASE
   Definitions
      At line 32 in file MAIN\USART.s
   Uses
      At line 33 in file MAIN\USART.s
      At line 34 in file MAIN\USART.s

SysTim 20000210



ARM Macro Assembler    Page 9 Alphabetic symbol ordering
Absolute symbols


Symbol: SysTim
   Definitions
      At line 54 in file MAIN\USART.s
   Uses
      At line 221 in file MAIN\USART.s
      At line 337 in file MAIN\USART.s

USART1_BASE 40013800

Symbol: USART1_BASE
   Definitions
      At line 18 in file MAIN\USART.s
   Uses
      At line 19 in file MAIN\USART.s
      At line 20 in file MAIN\USART.s
      At line 21 in file MAIN\USART.s
      At line 22 in file MAIN\USART.s

USART1_BRR 40013808

Symbol: USART1_BRR
   Definitions
      At line 21 in file MAIN\USART.s
   Uses
      At line 174 in file MAIN\USART.s
Comment: USART1_BRR used once
USART1_CR1 4001380C

Symbol: USART1_CR1
   Definitions
      At line 22 in file MAIN\USART.s
   Uses
      At line 179 in file MAIN\USART.s
Comment: USART1_CR1 used once
USART1_DR 40013804

Symbol: USART1_DR
   Definitions
      At line 20 in file MAIN\USART.s
   Uses
      At line 283 in file MAIN\USART.s
Comment: USART1_DR used once
USART1_SR 40013800

Symbol: USART1_SR
   Definitions
      At line 19 in file MAIN\USART.s
   Uses
      At line 286 in file MAIN\USART.s
Comment: USART1_SR used once
b_05s 22004004

Symbol: b_05s
   Definitions
      At line 49 in file MAIN\USART.s
   Uses
      At line 233 in file MAIN\USART.s
      At line 345 in file MAIN\USART.s



ARM Macro Assembler    Page 10 Alphabetic symbol ordering
Absolute symbols


b_flas 22004000

Symbol: b_flas
   Definitions
      At line 47 in file MAIN\USART.s
   Uses
      At line 303 in file MAIN\USART.s
      At line 315 in file MAIN\USART.s

64 symbols
413 symbols in table
